<?xml version="1.0" encoding="UTF-8"?>
<TestRun id="e8b960f2-fc76-4452-a25e-672e7783a38f" name="tncbbthositg@PATRICKSDESKPRO 2012-09-14 13:43:43" runUser="PatricksDeskPro\tncbbthositg" xmlns="http://microsoft.com/schemas/VisualStudio/TeamTest/2010">
  <TestSettings name="Local" id="970cc930-00b7-41ec-8f95-5c45e87bb25d">
    <Description>These are default test settings for a local test run.</Description>
    <Deployment enabled="false" runDeploymentRoot="tncbbthositg_PATRICKSDESKPRO 2012-09-14 13_43_43">
      <DeploymentItem filename="C:\Users\tncbbthositg\Documents\VersionRepositories\GitHub\BinarySerializer\BinarySerializer\bin\Debug\com.AutopilotLlc.BinarySerializer.dll" />
    </Deployment>
    <Execution>
      <TestTypeSpecific />
      <AgentRule name="Execution Agents">
      </AgentRule>
    </Execution>
  </TestSettings>
  <Times creation="2012-09-14T13:43:43.9391686-04:00" queuing="2012-09-14T13:43:47.6173790-04:00" start="2012-09-14T13:43:48.0724050-04:00" finish="2012-09-14T13:44:11.0327182-04:00" />
  <ResultSummary outcome="Completed">
    <Counters total="1" executed="1" passed="1" error="0" failed="0" timeout="0" aborted="0" inconclusive="0" passedButRunAborted="0" notRunnable="0" notExecuted="0" disconnected="0" warning="0" completed="0" inProgress="0" pending="0" />
  </ResultSummary>
  <TestDefinitions>
    <UnitTest name="CanSerializeAndDeserializeCollections" storage="c:\users\tncbbthositg\documents\versionrepositories\github\binaryserializer\binaryserializertest\bin\debug\binaryserializertest.dll" id="873a97b4-1643-d25c-83ff-3ad36f71187a">
      <Execution id="dd709326-f5ba-46fd-95cb-6b38fabc7a40" />
      <TestMethod codeBase="C:/Users/tncbbthositg/Documents/VersionRepositories/GitHub/BinarySerializer/BinarySerializerTest/bin/Debug/BinarySerializerTest.DLL" adapterTypeName="Microsoft.VisualStudio.TestTools.TestTypes.Unit.UnitTestAdapter, Microsoft.VisualStudio.QualityTools.Tips.UnitTest.Adapter, Version=10.0.0.0, Culture=neutral, PublicKeyToken=b03f5f7f11d50a3a" className="BinarySerializerTest.SerializerTests, BinarySerializerTest, Version=1.0.0.0, Culture=neutral, PublicKeyToken=null" name="CanSerializeAndDeserializeCollections" />
    </UnitTest>
  </TestDefinitions>
  <TestLists>
    <TestList name="Results Not in a List" id="8c84fa94-04c1-424b-9868-57a2d4851a1d" />
    <TestList name="All Loaded Results" id="19431567-8539-422a-85d7-44ee4e166bda" />
  </TestLists>
  <TestEntries>
    <TestEntry testId="873a97b4-1643-d25c-83ff-3ad36f71187a" executionId="dd709326-f5ba-46fd-95cb-6b38fabc7a40" testListId="8c84fa94-04c1-424b-9868-57a2d4851a1d" />
  </TestEntries>
  <Results>
    <UnitTestResult executionId="dd709326-f5ba-46fd-95cb-6b38fabc7a40" testId="873a97b4-1643-d25c-83ff-3ad36f71187a" testName="CanSerializeAndDeserializeCollections" computerName="PATRICKSDESKPRO" duration="00:00:19.1284096" startTime="2012-09-14T13:43:48.4274253-04:00" endTime="2012-09-14T13:44:10.7667030-04:00" testType="13cdc9d9-ddb5-4fa4-a97d-d965ccfc6d4b" outcome="Passed" testListId="8c84fa94-04c1-424b-9868-57a2d4851a1d" relativeResultsDirectory="dd709326-f5ba-46fd-95cb-6b38fabc7a40">
    </UnitTestResult>
  </Results>
</TestRun>