<?xml version="1.0" encoding="UTF-8"?>
<TestRun id="307d6e98-4748-4c8d-9d57-c82674505fab" name="tncbbthositg@PATRICKSDESKPRO 2012-09-14 13:39:32" runUser="PatricksDeskPro\tncbbthositg" xmlns="http://microsoft.com/schemas/VisualStudio/TeamTest/2010">
  <TestSettings name="Local" id="970cc930-00b7-41ec-8f95-5c45e87bb25d">
    <Description>These are default test settings for a local test run.</Description>
    <Deployment userDeploymentRoot="C:\Users\tncbbthositg\Documents\VersionRepositories\GitHub\BinarySerializer\TestResults" useDefaultDeploymentRoot="false" enabled="false" runDeploymentRoot="tncbbthositg_PATRICKSDESKPRO 2012-09-14 13_39_32">
      <DeploymentItem filename="C:\Users\tncbbthositg\Documents\VersionRepositories\GitHub\BinarySerializer\BinarySerializer\bin\Debug\com.AutopilotLlc.BinarySerializer.dll" />
    </Deployment>
    <Execution>
      <TestTypeSpecific />
      <AgentRule name="Execution Agents">
      </AgentRule>
    </Execution>
  </TestSettings>
  <Times creation="2012-09-14T13:39:32.0369752-04:00" queuing="2012-09-14T13:39:32.3769757-04:00" start="2012-09-14T13:39:32.5169759-04:00" finish="2012-09-14T13:39:33.2439904-04:00" />
  <ResultSummary outcome="Failed">
    <Counters total="1" executed="1" error="0" failed="1" timeout="0" aborted="0" inconclusive="0" passedButRunAborted="0" notRunnable="0" notExecuted="0" disconnected="0" warning="0" passed="0" completed="0" inProgress="0" pending="0" />
  </ResultSummary>
  <TestDefinitions>
    <UnitTest name="CanSerializeAndDeserializePrimitives" storage="c:\users\tncbbthositg\documents\versionrepositories\github\binaryserializer\binaryserializertest\bin\debug\binaryserializertest.dll" id="c8506e53-8a61-d0f9-25cb-0fac575e5f7f">
      <Execution id="fe6e39f2-e2b5-428e-9243-bdb071bd71b7" />
      <TestMethod codeBase="C:/Users/tncbbthositg/Documents/VersionRepositories/GitHub/BinarySerializer/BinarySerializerTest/bin/Debug/BinarySerializerTest.DLL" adapterTypeName="Microsoft.VisualStudio.TestTools.TestTypes.Unit.UnitTestAdapter, Microsoft.VisualStudio.QualityTools.Tips.UnitTest.Adapter, Version=10.0.0.0, Culture=neutral, PublicKeyToken=b03f5f7f11d50a3a" className="BinarySerializerTest.SerializerTests, BinarySerializerTest, Version=1.0.0.0, Culture=neutral, PublicKeyToken=null" name="CanSerializeAndDeserializePrimitives" />
    </UnitTest>
  </TestDefinitions>
  <TestLists>
    <TestList name="Results Not in a List" id="8c84fa94-04c1-424b-9868-57a2d4851a1d" />
    <TestList name="All Loaded Results" id="19431567-8539-422a-85d7-44ee4e166bda" />
  </TestLists>
  <TestEntries>
    <TestEntry testId="c8506e53-8a61-d0f9-25cb-0fac575e5f7f" executionId="fe6e39f2-e2b5-428e-9243-bdb071bd71b7" testListId="8c84fa94-04c1-424b-9868-57a2d4851a1d" />
  </TestEntries>
  <Results>
    <UnitTestResult executionId="fe6e39f2-e2b5-428e-9243-bdb071bd71b7" testId="c8506e53-8a61-d0f9-25cb-0fac575e5f7f" testName="CanSerializeAndDeserializePrimitives" computerName="PATRICKSDESKPRO" duration="00:00:00.0967482" startTime="2012-09-14T13:39:32.5569760-04:00" endTime="2012-09-14T13:39:33.1929875-04:00" testType="13cdc9d9-ddb5-4fa4-a97d-d965ccfc6d4b" outcome="Failed" testListId="8c84fa94-04c1-424b-9868-57a2d4851a1d" relativeResultsDirectory="fe6e39f2-e2b5-428e-9243-bdb071bd71b7">
      <Output>
        <ErrorInfo>
          <Message>Assert.AreEqual failed. Expected:&lt;2172012&gt;. Actual:&lt;2172013&gt;. </Message>
          <StackTrace>   at BinarySerializerTest.SerializerTests.CanSerializeAndDeserializePrimitives() in C:\Users\tncbbthositg\Documents\VersionRepositories\GitHub\BinarySerializer\BinarySerializerTest\SerializerTests.cs:line 13
</StackTrace>
        </ErrorInfo>
      </Output>
    </UnitTestResult>
  </Results>
</TestRun>